MOBILAPP/BGX-App/BGX/android/app/build/outputs/logs/manifest-merger-debug-report.txt
-- Merging decision tree log ---
manifest
ADDED from src/main/AndroidManifest.xml:2:1-117:12
INJECTED from src/main/AndroidManifest.xml:2:1-117:12
INJECTED from src/main/AndroidManifest.xml:2:1-117:12
INJECTED from src/main/AndroidManifest.xml:2:1-117:12
MERGED from [:react-native-languages] AndroidManifest.xml:2:1-11:12
MERGED from [:react-native-share] AndroidManifest.xml:2:1-13:12
MERGED from [:react-native-fcm] AndroidManifest.xml:2:1-11:12
MERGED from [:react-native-mail] AndroidManifest.xml:2:1-11:12
MERGED from [:react-native-file-selector] AndroidManifest.xml:2:1-11:12
MERGED from [:react-native-camera] AndroidManifest.xml:2:1-18:12
MERGED from [:react-native-image-picker] AndroidManifest.xml:2:1-23:12
MERGED from [:react-native-fetch-blob] AndroidManifest.xml:2:1-14:12
MERGED from [:react-native-vector-icons] AndroidManifest.xml:2:1-11:12
MERGED from [com.android.support.constraint:constraint-layout:1.1.2] AndroidManifest.xml:2:1-11:12
MERGED from [com.facebook.react:react-native:0.56.0] AndroidManifest.xml:2:1-15:12
MERGED from [com.nbsp:library:1.8] AndroidManifest.xml:2:1-20:12
MERGED from [com.android.support:design:25.3.1] AndroidManifest.xml:17:1-31:12
MERGED from [com.android.support:appcompat-v7:27.0.2] AndroidManifest.xml:17:1-22:12
MERGED from [com.android.support:multidex:1.0.3] AndroidManifest.xml:17:1-22:12
MERGED from [com.google.firebase:firebase-core:16.0.5] AndroidManifest.xml:2:1-9:12
MERGED from [com.google.firebase:firebase-messaging:17.3.4] AndroidManifest.xml:17:1-37:12
MERGED from [me.leolin:ShortcutBadger:1.1.17] AndroidManifest.xml:2:1-52:12
MERGED from [com.android.support:transition:25.3.1] AndroidManifest.xml:17:1-28:12
MERGED from [com.google.android.gms:play-services-vision:12.0.1] AndroidManifest.xml:2:1-9:12
MERGED from [com.google.firebase:firebase-measurement-connector-impl:17.0.3] AndroidManifest.xml:17:1-34:12
MERGED from [com.google.firebase:firebase-analytics:16.0.5] AndroidManifest.xml:17:1-55:12
MERGED from [com.google.android.gms:play-services-measurement-api:16.0.3] AndroidManifest.xml:17:1-25:12
MERGED from [com.google.firebase:firebase-analytics-impl:16.2.3] AndroidManifest.xml:17:1-40:12
MERGED from [com.google.firebase:firebase-iid:17.0.4] AndroidManifest.xml:17:1-59:12
MERGED from [com.google.firebase:firebase-common:16.0.3] AndroidManifest.xml:2:1-17:12
MERGED from [com.google.firebase:firebase-measurement-connector:17.0.1] AndroidManifest.xml:17:1-25:12
MERGED from [com.google.android.gms:play-services-vision-common:12.0.1] AndroidManifest.xml:2:1-9:12
MERGED from [com.google.android.gms:play-services-stats:16.0.1] AndroidManifest.xml:2:1-9:12
MERGED from [com.google.android.gms:play-services-measurement-base:16.0.4] AndroidManifest.xml:2:1-9:12
MERGED from [com.google.android.gms:play-services-ads-identifier:16.0.0] AndroidManifest.xml:17:1-24:12
MERGED from [com.google.firebase:firebase-iid-interop:16.0.1] AndroidManifest.xml:2:1-10:12
MERGED from [com.google.android.gms:play-services-base:16.0.1] AndroidManifest.xml:17:1-29:12
MERGED from [com.google.android.gms:play-services-tasks:16.0.1] AndroidManifest.xml:2:1-9:12
MERGED from [com.google.android.gms:play-services-basement:16.0.1] AndroidManifest.xml:17:1-28:12
MERGED from [com.android.support:support-v4:27.0.2] AndroidManifest.xml:17:1-22:12
MERGED from [com.android.support:support-fragment:27.0.2] AndroidManifest.xml:17:1-22:12
MERGED from [com.android.support:support-core-utils:27.1.1] AndroidManifest.xml:17:1-22:12
MERGED from [com.android.support:exifinterface:26.1.0] AndroidManifest.xml:17:1-28:12
MERGED from [com.android.support:recyclerview-v7:25.3.1] AndroidManifest.xml:17:1-26:12
MERGED from [com.android.support:animated-vector-drawable:27.0.2] AndroidManifest.xml:17:1-22:12
MERGED from [com.android.support:support-vector-drawable:27.0.2] AndroidManifest.xml:17:1-22:12
MERGED from [com.android.support:support-media-compat:27.0.2] AndroidManifest.xml:17:1-22:12
MERGED from [com.android.support:support-core-ui:27.0.2] AndroidManifest.xml:17:1-22:12
MERGED from [com.android.support:support-compat:27.1.1] AndroidManifest.xml:17:1-22:12
MERGED from [com.facebook.fbui.textlayoutbuilder:textlayoutbuilder:1.0.0] AndroidManifest.xml:10:1-18:12
MERGED from [com.facebook.fresco:fresco:1.9.0] AndroidManifest.xml:2:1-9:12
MERGED from [com.facebook.fresco:imagepipeline-okhttp3:1.9.0] AndroidManifest.xml:2:1-9:12
MERGED from [com.facebook.fresco:drawee:1.9.0] AndroidManifest.xml:2:1-9:12
MERGED from [com.facebook.fresco:imagepipeline:1.9.0] AndroidManifest.xml:2:1-9:12
MERGED from [com.facebook.fresco:imagepipeline-base:1.9.0] AndroidManifest.xml:2:1-9:12
MERGED from [com.facebook.soloader:soloader:0.3.0] AndroidManifest.xml:2:1-13:12
MERGED from [org.webkit:android-jsc:r174650] AndroidManifest.xml:1:1-3:12
MERGED from [com.google.android.gms:play-services-vision-license:12.0.1] AndroidManifest.xml:17:1-24:12
MERGED from [com.facebook.fresco:fbcore:1.9.0] AndroidManifest.xml:2:1-9:12
MERGED from [android.arch.lifecycle:runtime:1.1.0] AndroidManifest.xml:17:1-22:12
MERGED from [com.google.android.gms:play-services-vision-common-license:12.0.1] AndroidManifest.xml:17:1-24:12
INJECTED from src/main/AndroidManifest.xml:2:1-117:12
INJECTED from src/main/AndroidManifest.xml:2:1-117:12
INJECTED from src/main/AndroidManifest.xml:2:1-117:12
	package
		ADDED from src/main/AndroidManifest.xml:4:5-22
		INJECTED from src/main/AndroidManifest.xml
		INJECTED from src/main/AndroidManifest.xml
	android:versionName
		INJECTED from src/main/AndroidManifest.xml
		ADDED from src/main/AndroidManifest.xml:2:1-117:12
		INJECTED from src/main/AndroidManifest.xml
	xmlns:tools
		ADDED from src/main/AndroidManifest.xml:3:5-51
	android:versionCode
		INJECTED from src/main/AndroidManifest.xml
		ADDED from src/main/AndroidManifest.xml:2:1-117:12
		INJECTED from src/main/AndroidManifest.xml
	xmlns:android
		ADDED from src/main/AndroidManifest.xml:2:11-69
uses-permission#android.permission.INTERNET
ADDED from src/main/AndroidManifest.xml:6:5-67
MERGED from [com.google.firebase:firebase-measurement-connector-impl:17.0.3] AndroidManifest.xml:22:5-67
MERGED from [com.google.firebase:firebase-measurement-connector-impl:17.0.3] AndroidManifest.xml:22:5-67
MERGED from [com.google.firebase:firebase-analytics:16.0.5] AndroidManifest.xml:23:5-67
MERGED from [com.google.firebase:firebase-analytics:16.0.5] AndroidManifest.xml:23:5-67
MERGED from [com.google.firebase:firebase-analytics-impl:16.2.3] AndroidManifest.xml:23:5-67
MERGED from [com.google.firebase:firebase-analytics-impl:16.2.3] AndroidManifest.xml:23:5-67
MERGED from [com.google.firebase:firebase-iid:17.0.4] AndroidManifest.xml:23:5-67
MERGED from [com.google.firebase:firebase-iid:17.0.4] AndroidManifest.xml:23:5-67
	android:name
		ADDED from src/main/AndroidManifest.xml:6:22-64
uses-permission#android.permission.SYSTEM_ALERT_WINDOW
ADDED from src/main/AndroidManifest.xml:7:5-78
MERGED from [com.facebook.react:react-native:0.56.0] AndroidManifest.xml:11:5-78
MERGED from [com.facebook.react:react-native:0.56.0] AndroidManifest.xml:11:5-78
	android:name
		ADDED from src/main/AndroidManifest.xml:7:22-75
uses-permission#android.permission.CAMERA
ADDED from src/main/AndroidManifest.xml:8:5-65
MERGED from [:react-native-camera] AndroidManifest.xml:9:5-65
MERGED from [:react-native-camera] AndroidManifest.xml:9:5-65
	android:name
		ADDED from src/main/AndroidManifest.xml:8:22-62
uses-permission#android.permission.WRITE_EXTERNAL_STORAGE
ADDED from src/main/AndroidManifest.xml:9:5-81
MERGED from [:react-native-share] AndroidManifest.xml:11:5-81
MERGED from [:react-native-share] AndroidManifest.xml:11:5-81
	android:name
		ADDED from src/main/AndroidManifest.xml:9:22-78
uses-permission#android.permission.READ_EXTERNAL_STORAGE
ADDED from src/main/AndroidManifest.xml:10:5-80
MERGED from [com.nbsp:library:1.8] AndroidManifest.xml:11:5-80
MERGED from [com.nbsp:library:1.8] AndroidManifest.xml:11:5-80
	android:name
		ADDED from src/main/AndroidManifest.xml:10:22-77
uses-permission#android.permission.RECORD_AUDIO
ADDED from src/main/AndroidManifest.xml:11:5-71
	android:name
		ADDED from src/main/AndroidManifest.xml:11:22-68
uses-permission#com.android.vending.BILLING
ADDED from src/main/AndroidManifest.xml:12:5-67
	android:name
		ADDED from src/main/AndroidManifest.xml:12:22-64
uses-permission#android.permission.GET_ACCOUNTS
ADDED from src/main/AndroidManifest.xml:13:5-71
	android:name
		ADDED from src/main/AndroidManifest.xml:13:22-68
uses-permission#android.permission.READ_PROFILE
ADDED from src/main/AndroidManifest.xml:14:5-71
	android:name
		ADDED from src/main/AndroidManifest.xml:14:22-68
uses-permission#android.permission.READ_CONTACTS
ADDED from src/main/AndroidManifest.xml:15:5-72
	android:name
		ADDED from src/main/AndroidManifest.xml:15:22-69
application
ADDED from src/main/AndroidManifest.xml:17:5-115:19
MERGED from [:react-native-image-picker] AndroidManifest.xml:11:5-21:19
MERGED from [:react-native-image-picker] AndroidManifest.xml:11:5-21:19
MERGED from [:react-native-fetch-blob] AndroidManifest.xml:11:5-12:19
MERGED from [:react-native-fetch-blob] AndroidManifest.xml:11:5-12:19
MERGED from [com.android.support.constraint:constraint-layout:1.1.2] AndroidManifest.xml:9:5-20
MERGED from [com.android.support.constraint:constraint-layout:1.1.2] AndroidManifest.xml:9:5-20
MERGED from [com.facebook.react:react-native:0.56.0] AndroidManifest.xml:13:5-20
MERGED from [com.facebook.react:react-native:0.56.0] AndroidManifest.xml:13:5-20
MERGED from [com.nbsp:library:1.8] AndroidManifest.xml:13:5-18:19
MERGED from [com.nbsp:library:1.8] AndroidManifest.xml:13:5-18:19
MERGED from [com.android.support:design:25.3.1] AndroidManifest.xml:29:5-20
MERGED from [com.android.support:design:25.3.1] AndroidManifest.xml:29:5-20
MERGED from [com.google.firebase:firebase-core:16.0.5] AndroidManifest.xml:7:5-20
MERGED from [com.google.firebase:firebase-core:16.0.5] AndroidManifest.xml:7:5-20
MERGED from [com.google.firebase:firebase-messaging:17.3.4] AndroidManifest.xml:22:5-35:19
MERGED from [com.google.firebase:firebase-messaging:17.3.4] AndroidManifest.xml:22:5-35:19
MERGED from [com.android.support:transition:25.3.1] AndroidManifest.xml:26:5-20
MERGED from [com.android.support:transition:25.3.1] AndroidManifest.xml:26:5-20
MERGED from [com.google.android.gms:play-services-vision:12.0.1] AndroidManifest.xml:7:5-20
MERGED from [com.google.android.gms:play-services-vision:12.0.1] AndroidManifest.xml:7:5-20
MERGED from [com.google.firebase:firebase-measurement-connector-impl:17.0.3] AndroidManifest.xml:26:5-32:19
MERGED from [com.google.firebase:firebase-measurement-connector-impl:17.0.3] AndroidManifest.xml:26:5-32:19
MERGED from [com.google.firebase:firebase-analytics:16.0.5] AndroidManifest.xml:28:5-53:19
MERGED from [com.google.firebase:firebase-analytics:16.0.5] AndroidManifest.xml:28:5-53:19
MERGED from [com.google.android.gms:play-services-measurement-api:16.0.3] AndroidManifest.xml:22:5-23:19
MERGED from [com.google.android.gms:play-services-measurement-api:16.0.3] AndroidManifest.xml:22:5-23:19
MERGED from [com.google.firebase:firebase-analytics-impl:16.2.3] AndroidManifest.xml:28:5-38:19
MERGED from [com.google.firebase:firebase-analytics-impl:16.2.3] AndroidManifest.xml:28:5-38:19
MERGED from [com.google.firebase:firebase-iid:17.0.4] AndroidManifest.xml:28:5-57:19
MERGED from [com.google.firebase:firebase-iid:17.0.4] AndroidManifest.xml:28:5-57:19
MERGED from [com.google.firebase:firebase-common:16.0.3] AndroidManifest.xml:9:5-15:19
MERGED from [com.google.firebase:firebase-common:16.0.3] AndroidManifest.xml:9:5-15:19
MERGED from [com.google.firebase:firebase-measurement-connector:17.0.1] AndroidManifest.xml:22:5-23:19
MERGED from [com.google.firebase:firebase-measurement-connector:17.0.1] AndroidManifest.xml:22:5-23:19
MERGED from [com.google.android.gms:play-services-vision-common:12.0.1] AndroidManifest.xml:7:5-20
MERGED from [com.google.android.gms:play-services-vision-common:12.0.1] AndroidManifest.xml:7:5-20
MERGED from [com.google.android.gms:play-services-stats:16.0.1] AndroidManifest.xml:7:5-20
MERGED from [com.google.android.gms:play-services-stats:16.0.1] AndroidManifest.xml:7:5-20
MERGED from [com.google.android.gms:play-services-measurement-base:16.0.4] AndroidManifest.xml:7:5-20
MERGED from [com.google.android.gms:play-services-measurement-base:16.0.4] AndroidManifest.xml:7:5-20
MERGED from [com.google.android.gms:play-services-ads-identifier:16.0.0] AndroidManifest.xml:22:5-20
MERGED from [com.google.android.gms:play-services-ads-identifier:16.0.0] AndroidManifest.xml:22:5-20
MERGED from [com.google.firebase:firebase-iid-interop:16.0.1] AndroidManifest.xml:7:5-8:19
MERGED from [com.google.firebase:firebase-iid-interop:16.0.1] AndroidManifest.xml:7:5-8:19
MERGED from [com.google.android.gms:play-services-base:16.0.1] AndroidManifest.xml:22:5-27:19
MERGED from [com.google.android.gms:play-services-base:16.0.1] AndroidManifest.xml:22:5-27:19
MERGED from [com.google.android.gms:play-services-tasks:16.0.1] AndroidManifest.xml:7:5-20
MERGED from [com.google.android.gms:play-services-tasks:16.0.1] AndroidManifest.xml:7:5-20
MERGED from [com.google.android.gms:play-services-basement:16.0.1] AndroidManifest.xml:22:5-26:19
MERGED from [com.google.android.gms:play-services-basement:16.0.1] AndroidManifest.xml:22:5-26:19
MERGED from [com.android.support:exifinterface:26.1.0] AndroidManifest.xml:22:5-26:19
MERGED from [com.android.support:exifinterface:26.1.0] AndroidManifest.xml:22:5-26:19
MERGED from [com.facebook.soloader:soloader:0.3.0] AndroidManifest.xml:11:5-20
MERGED from [com.facebook.soloader:soloader:0.3.0] AndroidManifest.xml:11:5-20
MERGED from [org.webkit:android-jsc:r174650] AndroidManifest.xml:2:3-17
MERGED from [org.webkit:android-jsc:r174650] AndroidManifest.xml:2:3-17
MERGED from [com.google.android.gms:play-services-vision-license:12.0.1] AndroidManifest.xml:22:5-20
MERGED from [com.google.android.gms:play-services-vision-license:12.0.1] AndroidManifest.xml:22:5-20
MERGED from [com.google.android.gms:play-services-vision-common-license:12.0.1] AndroidManifest.xml:22:5-20
MERGED from [com.google.android.gms:play-services-vision-common-license:12.0.1] AndroidManifest.xml:22:5-20
	android:label
		ADDED from src/main/AndroidManifest.xml:21:9-41
	android:largeHeap
		ADDED from src/main/AndroidManifest.xml:22:9-33
	android:icon
		ADDED from src/main/AndroidManifest.xml:20:9-40
	android:allowBackup
		ADDED from src/main/AndroidManifest.xml:19:9-36
	android:theme
		ADDED from src/main/AndroidManifest.xml:23:9-40
	android:name
		ADDED from src/main/AndroidManifest.xml:18:9-40
activity#com.bgx.MainActivity
ADDED from src/main/AndroidManifest.xml:24:9-38:20
	android:screenOrientation
		ADDED from src/main/AndroidManifest.xml:29:13-49
	android:label
		ADDED from src/main/AndroidManifest.xml:27:13-45
	android:launchMode
		ADDED from src/main/AndroidManifest.xml:28:13-43
	android:windowSoftInputMode
		ADDED from src/main/AndroidManifest.xml:30:13-55
	android:configChanges
		ADDED from src/main/AndroidManifest.xml:26:13-83
	android:name
		ADDED from src/main/AndroidManifest.xml:25:13-41
intent-filter#android.intent.action.DOWNLOAD_COMPLETE+android.intent.action.MAIN+android.intent.category.LAUNCHER
ADDED from src/main/AndroidManifest.xml:31:13-37:29
action#android.intent.action.MAIN
ADDED from src/main/AndroidManifest.xml:32:17-69
	android:name
		ADDED from src/main/AndroidManifest.xml:32:25-66
category#android.intent.category.LAUNCHER
ADDED from src/main/AndroidManifest.xml:34:17-77
	android:name
		ADDED from src/main/AndroidManifest.xml:34:27-74
action#android.intent.action.DOWNLOAD_COMPLETE
ADDED from src/main/AndroidManifest.xml:36:17-82
	android:name
		ADDED from src/main/AndroidManifest.xml:36:25-79
activity#com.facebook.react.devsupport.DevSettingsActivity
ADDED from src/main/AndroidManifest.xml:39:9-86
	android:name
		ADDED from src/main/AndroidManifest.xml:39:19-83
activity#com.bgx.TestActivity
ADDED from src/main/AndroidManifest.xml:40:9-52:20
	android:label
		ADDED from src/main/AndroidManifest.xml:43:13-45
	android:windowSoftInputMode
		ADDED from src/main/AndroidManifest.xml:44:13-55
	android:configChanges
		ADDED from src/main/AndroidManifest.xml:42:13-83
	android:name
		ADDED from src/main/AndroidManifest.xml:41:13-41
meta-data#com.google.firebase.messaging.default_notification_icon
ADDED from src/main/AndroidManifest.xml:54:9-56:51
	android:resource
		ADDED from src/main/AndroidManifest.xml:56:13-48
	android:name
		ADDED from src/main/AndroidManifest.xml:55:13-83
meta-data#com.google.firebase.messaging.default_notification_channel_id
ADDED from src/main/AndroidManifest.xml:57:9-59:50
	android:value
		ADDED from src/main/AndroidManifest.xml:59:13-47
	android:name
		ADDED from src/main/AndroidManifest.xml:58:13-89
service#com.evollu.react.fcm.MessagingService
ADDED from src/main/AndroidManifest.xml:61:9-68:19
	android:enabled
		ADDED from src/main/AndroidManifest.xml:63:13-35
	android:exported
		ADDED from src/main/AndroidManifest.xml:64:13-36
	android:name
		ADDED from src/main/AndroidManifest.xml:62:13-65
intent-filter#com.google.firebase.MESSAGING_EVENT
ADDED from src/main/AndroidManifest.xml:65:13-67:29
action#com.google.firebase.MESSAGING_EVENT
ADDED from src/main/AndroidManifest.xml:66:17-78
	android:name
		ADDED from src/main/AndroidManifest.xml:66:25-75
service#com.evollu.react.fcm.InstanceIdService
ADDED from src/main/AndroidManifest.xml:70:9-76:19
	android:exported
		ADDED from src/main/AndroidManifest.xml:72:13-37
	android:name
		ADDED from src/main/AndroidManifest.xml:71:13-66
intent-filter#com.google.firebase.INSTANCE_ID_EVENT
ADDED from src/main/AndroidManifest.xml:73:13-75:29
action#com.google.firebase.INSTANCE_ID_EVENT
ADDED from src/main/AndroidManifest.xml:74:17-80
	android:name
		ADDED from src/main/AndroidManifest.xml:74:25-77
receiver#com.evollu.react.fcm.FIRLocalMessagingPublisher
ADDED from src/main/AndroidManifest.xml:78:9-84
	android:name
		ADDED from src/main/AndroidManifest.xml:78:19-81
receiver#com.evollu.react.fcm.FIRSystemBootEventReceiver
ADDED from src/main/AndroidManifest.xml:79:9-90:20
	android:enabled
		ADDED from src/main/AndroidManifest.xml:81:13-35
	android:exported
		ADDED from src/main/AndroidManifest.xml:82:13-36
	android:name
		ADDED from src/main/AndroidManifest.xml:80:13-75
intent-filter#android.intent.action.BOOT_COMPLETED+android.intent.action.QUICKBOOT_POWERON+android.intent.category.DEFAULT+com.htc.intent.action.QUICKBOOT_POWERON
ADDED from src/main/AndroidManifest.xml:83:13-89:29
action#android.intent.action.BOOT_COMPLETED
ADDED from src/main/AndroidManifest.xml:84:17-79
	android:name
		ADDED from src/main/AndroidManifest.xml:84:25-76
action#android.intent.action.QUICKBOOT_POWERON
ADDED from src/main/AndroidManifest.xml:85:17-82
	android:name
		ADDED from src/main/AndroidManifest.xml:85:25-79
action#com.htc.intent.action.QUICKBOOT_POWERON
ADDED from src/main/AndroidManifest.xml:86:17-82
	android:name
		ADDED from src/main/AndroidManifest.xml:86:25-79
category#android.intent.category.DEFAULT
ADDED from src/main/AndroidManifest.xml:88:17-76
	android:name
		ADDED from src/main/AndroidManifest.xml:88:27-73
service#com.lock.SensorService
ADDED from src/main/AndroidManifest.xml:101:9-105:19
	android:enabled
		ADDED from src/main/AndroidManifest.xml:103:13-35
	android:stopWithTask
		ADDED from src/main/AndroidManifest.xml:104:13-41
	android:name
		ADDED from src/main/AndroidManifest.xml:102:13-50
receiver#com.lock.SensorRestartBroadcastReceiver
ADDED from src/main/AndroidManifest.xml:106:9-114:20
	android:enabled
		ADDED from src/main/AndroidManifest.xml:108:13-35
	android:label
		ADDED from src/main/AndroidManifest.xml:110:13-54
	android:exported
		ADDED from src/main/AndroidManifest.xml:109:13-36
	android:name
		ADDED from src/main/AndroidManifest.xml:107:13-67
intent-filter#com.arvi.ActivityRecognition.RestartSensor
ADDED from src/main/AndroidManifest.xml:111:13-113:29
action#com.arvi.ActivityRecognition.RestartSensor
ADDED from src/main/AndroidManifest.xml:112:17-84
	android:name
		ADDED from src/main/AndroidManifest.xml:112:25-82
uses-sdk
INJECTED from src/main/AndroidManifest.xml reason: use-sdk injection requested
INJECTED from src/main/AndroidManifest.xml
INJECTED from src/main/AndroidManifest.xml
MERGED from [:react-native-languages] AndroidManifest.xml:7:5-9:41
MERGED from [:react-native-languages] AndroidManifest.xml:7:5-9:41
MERGED from [:react-native-share] AndroidManifest.xml:7:5-9:41
MERGED from [:react-native-share] AndroidManifest.xml:7:5-9:41
MERGED from [:react-native-fcm] AndroidManifest.xml:7:5-9:41
MERGED from [:react-native-fcm] AndroidManifest.xml:7:5-9:41
MERGED from [:react-native-mail] AndroidManifest.xml:7:5-9:41
MERGED from [:react-native-mail] AndroidManifest.xml:7:5-9:41
MERGED from [:react-native-file-selector] AndroidManifest.xml:7:5-9:41
MERGED from [:react-native-file-selector] AndroidManifest.xml:7:5-9:41
MERGED from [:react-native-camera] AndroidManifest.xml:5:5-7:41
MERGED from [:react-native-camera] AndroidManifest.xml:5:5-7:41
MERGED from [:react-native-image-picker] AndroidManifest.xml:7:5-9:41
MERGED from [:react-native-image-picker] AndroidManifest.xml:7:5-9:41
MERGED from [:react-native-fetch-blob] AndroidManifest.xml:7:5-9:41
MERGED from [:react-native-fetch-blob] AndroidManifest.xml:7:5-9:41
MERGED from [:react-native-vector-icons] AndroidManifest.xml:7:5-9:41
MERGED from [:react-native-vector-icons] AndroidManifest.xml:7:5-9:41
MERGED from [com.android.support.constraint:constraint-layout:1.1.2] AndroidManifest.xml:5:5-7:41
MERGED from [com.android.support.constraint:constraint-layout:1.1.2] AndroidManifest.xml:5:5-7:41
MERGED from [com.facebook.react:react-native:0.56.0] AndroidManifest.xml:7:5-9:41
MERGED from [com.facebook.react:react-native:0.56.0] AndroidManifest.xml:7:5-9:41
MERGED from [com.nbsp:library:1.8] AndroidManifest.xml:7:5-9:41
MERGED from [com.nbsp:library:1.8] AndroidManifest.xml:7:5-9:41
MERGED from [com.android.support:design:25.3.1] AndroidManifest.xml:21:5-23:62
MERGED from [com.android.support:design:25.3.1] AndroidManifest.xml:21:5-23:62
MERGED from [com.android.support:appcompat-v7:27.0.2] AndroidManifest.xml:20:5-44
MERGED from [com.android.support:appcompat-v7:27.0.2] AndroidManifest.xml:20:5-44
MERGED from [com.android.support:multidex:1.0.3] AndroidManifest.xml:20:5-43
MERGED from [com.android.support:multidex:1.0.3] AndroidManifest.xml:20:5-43
MERGED from [com.google.firebase:firebase-core:16.0.5] AndroidManifest.xml:5:5-44
MERGED from [com.google.firebase:firebase-core:16.0.5] AndroidManifest.xml:5:5-44
MERGED from [com.google.firebase:firebase-messaging:17.3.4] AndroidManifest.xml:20:5-44
MERGED from [com.google.firebase:firebase-messaging:17.3.4] AndroidManifest.xml:20:5-44
MERGED from [me.leolin:ShortcutBadger:1.1.17] AndroidManifest.xml:7:5-9:41
MERGED from [me.leolin:ShortcutBadger:1.1.17] AndroidManifest.xml:7:5-9:41
MERGED from [com.android.support:transition:25.3.1] AndroidManifest.xml:20:5-44
MERGED from [com.android.support:transition:25.3.1] AndroidManifest.xml:20:5-44
MERGED from [com.google.android.gms:play-services-vision:12.0.1] AndroidManifest.xml:5:5-44
MERGED from [com.google.android.gms:play-services-vision:12.0.1] AndroidManifest.xml:5:5-44
MERGED from [com.google.firebase:firebase-measurement-connector-impl:17.0.3] AndroidManifest.xml:20:5-44
MERGED from [com.google.firebase:firebase-measurement-connector-impl:17.0.3] AndroidManifest.xml:20:5-44
MERGED from [com.google.firebase:firebase-analytics:16.0.5] AndroidManifest.xml:20:5-44
MERGED from [com.google.firebase:firebase-analytics:16.0.5] AndroidManifest.xml:20:5-44
MERGED from [com.google.android.gms:play-services-measurement-api:16.0.3] AndroidManifest.xml:20:5-44
MERGED from [com.google.android.gms:play-services-measurement-api:16.0.3] AndroidManifest.xml:20:5-44
MERGED from [com.google.firebase:firebase-analytics-impl:16.2.3] AndroidManifest.xml:20:5-44
MERGED from [com.google.firebase:firebase-analytics-impl:16.2.3] AndroidManifest.xml:20:5-44
MERGED from [com.google.firebase:firebase-iid:17.0.4] AndroidManifest.xml:20:5-44
MERGED from [com.google.firebase:firebase-iid:17.0.4] AndroidManifest.xml:20:5-44
MERGED from [com.google.firebase:firebase-common:16.0.3] AndroidManifest.xml:5:5-7:41
MERGED from [com.google.firebase:firebase-common:16.0.3] AndroidManifest.xml:5:5-7:41
MERGED from [com.google.firebase:firebase-measurement-connector:17.0.1] AndroidManifest.xml:20:5-44
MERGED from [com.google.firebase:firebase-measurement-connector:17.0.1] AndroidManifest.xml:20:5-44
MERGED from [com.google.android.gms:play-services-vision-common:12.0.1] AndroidManifest.xml:5:5-44
MERGED from [com.google.android.gms:play-services-vision-common:12.0.1] AndroidManifest.xml:5:5-44
MERGED from [com.google.android.gms:play-services-stats:16.0.1] AndroidManifest.xml:5:5-44
MERGED from [com.google.android.gms:play-services-stats:16.0.1] AndroidManifest.xml:5:5-44
MERGED from [com.google.android.gms:play-services-measurement-base:16.0.4] AndroidManifest.xml:5:5-44
MERGED from [com.google.android.gms:play-services-measurement-base:16.0.4] AndroidManifest.xml:5:5-44
MERGED from [com.google.android.gms:play-services-ads-identifier:16.0.0] AndroidManifest.xml:20:5-44
MERGED from [com.google.android.gms:play-services-ads-identifier:16.0.0] AndroidManifest.xml:20:5-44
MERGED from [com.google.firebase:firebase-iid-interop:16.0.1] AndroidManifest.xml:5:5-44
MERGED from [com.google.firebase:firebase-iid-interop:16.0.1] AndroidManifest.xml:5:5-44
MERGED from [com.google.android.gms:play-services-base:16.0.1] AndroidManifest.xml:20:5-44
MERGED from [com.google.android.gms:play-services-base:16.0.1] AndroidManifest.xml:20:5-44
MERGED from [com.google.android.gms:play-services-tasks:16.0.1] AndroidManifest.xml:5:5-44
MERGED from [com.google.android.gms:play-services-tasks:16.0.1] AndroidManifest.xml:5:5-44
MERGED from [com.google.android.gms:play-services-basement:16.0.1] AndroidManifest.xml:20:5-44
MERGED from [com.google.android.gms:play-services-basement:16.0.1] AndroidManifest.xml:20:5-44
MERGED from [com.android.support:support-v4:27.0.2] AndroidManifest.xml:20:5-44
MERGED from [com.android.support:support-v4:27.0.2] AndroidManifest.xml:20:5-44
MERGED from [com.android.support:support-fragment:27.0.2] AndroidManifest.xml:20:5-44
MERGED from [com.android.support:support-fragment:27.0.2] AndroidManifest.xml:20:5-44
MERGED from [com.android.support:support-core-utils:27.1.1] AndroidManifest.xml:20:5-44
MERGED from [com.android.support:support-core-utils:27.1.1] AndroidManifest.xml:20:5-44
MERGED from [com.android.support:exifinterface:26.1.0] AndroidManifest.xml:20:5-44
MERGED from [com.android.support:exifinterface:26.1.0] AndroidManifest.xml:20:5-44
MERGED from [com.android.support:recyclerview-v7:25.3.1] AndroidManifest.xml:20:5-43
MERGED from [com.android.support:recyclerview-v7:25.3.1] AndroidManifest.xml:20:5-43
MERGED from [com.android.support:animated-vector-drawable:27.0.2] AndroidManifest.xml:20:5-44
MERGED from [com.android.support:animated-vector-drawable:27.0.2] AndroidManifest.xml:20:5-44
MERGED from [com.android.support:support-vector-drawable:27.0.2] AndroidManifest.xml:20:5-44
MERGED from [com.android.support:support-vector-drawable:27.0.2] AndroidManifest.xml:20:5-44
MERGED from [com.android.support:support-media-compat:27.0.2] AndroidManifest.xml:20:5-44
MERGED from [com.android.support:support-media-compat:27.0.2] AndroidManifest.xml:20:5-44
MERGED from [com.android.support:support-core-ui:27.0.2] AndroidManifest.xml:20:5-44
MERGED from [com.android.support:support-core-ui:27.0.2] AndroidManifest.xml:20:5-44
MERGED from [com.android.support:support-compat:27.1.1] AndroidManifest.xml:20:5-44
MERGED from [com.android.support:support-compat:27.1.1] AndroidManifest.xml:20:5-44
MERGED from [com.facebook.fbui.textlayoutbuilder:textlayoutbuilder:1.0.0] AndroidManifest.xml:14:5-16:41
MERGED from [com.facebook.fbui.textlayoutbuilder:textlayoutbuilder:1.0.0] AndroidManifest.xml:14:5-16:41
MERGED from [com.facebook.fresco:fresco:1.9.0] AndroidManifest.xml:5:5-7:41
MERGED from [com.facebook.fresco:fresco:1.9.0] AndroidManifest.xml:5:5-7:41
MERGED from [com.facebook.fresco:imagepipeline-okhttp3:1.9.0] AndroidManifest.xml:5:5-7:41
MERGED from [com.facebook.fresco:imagepipeline-okhttp3:1.9.0] AndroidManifest.xml:5:5-7:41
MERGED from [com.facebook.fresco:drawee:1.9.0] AndroidManifest.xml:5:5-7:41
MERGED from [com.facebook.fresco:drawee:1.9.0] AndroidManifest.xml:5:5-7:41
MERGED from [com.facebook.fresco:imagepipeline:1.9.0] AndroidManifest.xml:5:5-7:41
MERGED from [com.facebook.fresco:imagepipeline:1.9.0] AndroidManifest.xml:5:5-7:41
MERGED from [com.facebook.fresco:imagepipeline-base:1.9.0] AndroidManifest.xml:5:5-7:41
MERGED from [com.facebook.fresco:imagepipeline-base:1.9.0] AndroidManifest.xml:5:5-7:41
MERGED from [com.facebook.soloader:soloader:0.3.0] AndroidManifest.xml:7:5-9:41
MERGED from [com.facebook.soloader:soloader:0.3.0] AndroidManifest.xml:7:5-9:41
MERGED from [com.google.android.gms:play-services-vision-license:12.0.1] AndroidManifest.xml:20:5-44
MERGED from [com.google.android.gms:play-services-vision-license:12.0.1] AndroidManifest.xml:20:5-44
MERGED from [com.facebook.fresco:fbcore:1.9.0] AndroidManifest.xml:5:5-7:41
MERGED from [com.facebook.fresco:fbcore:1.9.0] AndroidManifest.xml:5:5-7:41
MERGED from [android.arch.lifecycle:runtime:1.1.0] AndroidManifest.xml:20:5-44
MERGED from [android.arch.lifecycle:runtime:1.1.0] AndroidManifest.xml:20:5-44
MERGED from [com.google.android.gms:play-services-vision-common-license:12.0.1] AndroidManifest.xml:20:5-44
MERGED from [com.google.android.gms:play-services-vision-common-license:12.0.1] AndroidManifest.xml:20:5-44
INJECTED from src/main/AndroidManifest.xml
INJECTED from src/main/AndroidManifest.xml
	tools:overrideLibrary